/*C6*/SET SCHEMA PUBLIC
CREATE TABLE IF NOT EXISTS AUTHOR( author_id NUMERIC IDENTITY PRIMARY KEY, name VARCHAR(255), middlename VARCHAR(255), surname VARCHAR(255))
INSERT INTO AUTHOR VALUES(1,'\u041c\u0438\u0445\u0430\u0438\u043b','\u0410\u0444\u0430\u043d\u0430\u0441\u044c\u0435\u0432\u0438\u0447','\u0411\u0443\u043b\u0433\u0430\u043a\u043e\u0432')
COMMIT
INSERT INTO AUTHOR VALUES(2,'\u041b\u0435\u0432','\u041d\u0438\u043a\u043e\u043b\u0430\u0435\u0432\u0438\u0447','\u0422\u043e\u043b\u0441\u0442\u043e\u0439')
COMMIT
INSERT INTO AUTHOR VALUES(3,'\u0424\u0435\u0434\u043e\u0440','\u041c\u0438\u0445\u0430\u0439\u043b\u043e\u0432\u0438\u0447','\u0414\u043e\u0441\u0442\u043e\u0435\u0432\u0441\u043a\u0438\u0439')
COMMIT
INSERT INTO AUTHOR VALUES(4,'\u0410\u043b\u0435\u043a\u0441\u0430\u043d\u0434\u0440','\u0421\u0435\u0440\u0433\u0435\u0435\u0432\u0438\u0447','\u041f\u0443\u0448\u043a\u0438\u043d')
COMMIT
INSERT INTO AUTHOR VALUES(5,'\u041c\u0438\u0445\u0430\u0438\u043b','\u042e\u0440\u044c\u0435\u0432\u0438\u0447','\u041b\u0435\u0440\u043c\u043e\u043d\u0442\u043e\u0432')
COMMIT
/*C7*/SET SCHEMA PUBLIC
CREATE TABLE IF NOT EXISTS GENRE( genre_id NUMERIC IDENTITY PRIMARY KEY, title VARCHAR(255))
INSERT INTO GENRE VALUES(1,'\u0420\u043e\u043c\u0430\u043d')
COMMIT
INSERT INTO GENRE VALUES(2,'\u041f\u043e\u0432\u0435\u0441\u0442\u044c')
COMMIT
INSERT INTO GENRE VALUES(3,'\u0420\u0430\u0441\u0441\u043a\u0430\u0437')
COMMIT
INSERT INTO GENRE VALUES(4,'\u0421\u0442\u0438\u0445\u043e\u0442\u0432\u043e\u0440\u0435\u043d\u0438\u0435')
COMMIT
INSERT INTO GENRE VALUES(5,'\u041f\u043e\u044d\u043c\u0430')
COMMIT
/*C5*/SET SCHEMA PUBLIC
CREATE TABLE IF NOT EXISTS BOOK( book_id NUMERIC IDENTITY PRIMARY KEY, title VARCHAR(255), author_id NUMERIC , genre_id NUMERIC, publisher VARCHAR(255), year VARCHAR(255), city VARCHAR(255), FOREIGN KEY (author_id) REFERENCES AUTHOR(author_id), FOREIGN KEY (genre_id) REFERENCES GENRE(genre_id))
INSERT INTO BOOK VALUES(1,'\u041c\u0430\u0441\u0442\u0435\u0440 \u0438 \u041c\u0430\u0440\u0433\u0430\u0440\u0438\u0442\u0430',1,1,'\u041c\u043e\u0441\u043a\u0432\u0430','1920','\u041c\u043e\u0441\u043a\u0432\u0430')
COMMIT
INSERT INTO BOOK VALUES(2,'\u0412\u043e\u0439\u043d\u0430 \u0438 \u043c\u0438\u0440',2,1,'\u041f\u0438\u0442\u0435\u0440','1918','\u041f\u0438\u0442\u0435\u0440')
COMMIT
INSERT INTO BOOK VALUES(3,'\u041f\u0440\u0435\u0441\u0442\u0443\u043f\u043b\u0435\u043d\u0438\u0435 \u0438 \u043d\u0430\u043a\u0430\u0437\u0430\u043d\u0438\u0435',3,1,'O\u2019Reilly','1866','\u041c\u043e\u0441\u043a\u0432\u0430')
COMMIT
INSERT INTO BOOK VALUES(4,'\u041c\u0435\u0434\u043d\u044b\u0439 \u0432\u0441\u0430\u0434\u043d\u0438\u043a',4,5,'\u041f\u0438\u0442\u0435\u0440','1821','\u041f\u0438\u0442\u0435\u0440')
COMMIT
INSERT INTO BOOK VALUES(5,'\u041c\u0430\u0441\u0442\u0435\u0440 \u0438 \u041c\u0430\u0440\u0433\u0430\u0440\u0438\u0442\u0430',5,4,'O\u2019Reilly','1852','\u041f\u0438\u0442\u0435\u0440')
COMMIT
/*C8*/SET SCHEMA PUBLIC
CREATE TABLE IF NOT EXISTS AUTHOR( author_id NUMERIC IDENTITY PRIMARY KEY, name VARCHAR(255), middlename VARCHAR(255), surname VARCHAR(255))
/*C9*/SET SCHEMA PUBLIC
CREATE TABLE IF NOT EXISTS GENRE( genre_id NUMERIC IDENTITY PRIMARY KEY, title VARCHAR(255))
/*C10*/SET SCHEMA PUBLIC
CREATE TABLE IF NOT EXISTS AUTHOR( author_id NUMERIC IDENTITY PRIMARY KEY, name VARCHAR(255), middlename VARCHAR(255), surname VARCHAR(255))
/*C11*/SET SCHEMA PUBLIC
CREATE TABLE IF NOT EXISTS GENRE( genre_id NUMERIC IDENTITY PRIMARY KEY, title VARCHAR(255))
/*C13*/SET SCHEMA PUBLIC
CREATE TABLE IF NOT EXISTS AUTHOR( author_id NUMERIC IDENTITY PRIMARY KEY, name VARCHAR(255), middlename VARCHAR(255), surname VARCHAR(255))
/*C14*/SET SCHEMA PUBLIC
CREATE TABLE IF NOT EXISTS GENRE( genre_id NUMERIC IDENTITY PRIMARY KEY, title VARCHAR(255))
/*C12*/SET SCHEMA PUBLIC
CREATE TABLE IF NOT EXISTS BOOK( book_id NUMERIC IDENTITY PRIMARY KEY, title VARCHAR(255), author_id NUMERIC , genre_id NUMERIC, publisher VARCHAR(255), year VARCHAR(255), city VARCHAR(255), FOREIGN KEY (author_id) REFERENCES AUTHOR(author_id), FOREIGN KEY (genre_id) REFERENCES GENRE(genre_id))
/*C16*/SET SCHEMA PUBLIC
CREATE TABLE IF NOT EXISTS AUTHOR( author_id NUMERIC IDENTITY PRIMARY KEY, name VARCHAR(255), middlename VARCHAR(255), surname VARCHAR(255))
/*C17*/SET SCHEMA PUBLIC
CREATE TABLE IF NOT EXISTS GENRE( genre_id NUMERIC IDENTITY PRIMARY KEY, title VARCHAR(255))
/*C15*/SET SCHEMA PUBLIC
CREATE TABLE IF NOT EXISTS BOOK( book_id NUMERIC IDENTITY PRIMARY KEY, title VARCHAR(255), author_id NUMERIC , genre_id NUMERIC, publisher VARCHAR(255), year VARCHAR(255), city VARCHAR(255), FOREIGN KEY (author_id) REFERENCES AUTHOR(author_id), FOREIGN KEY (genre_id) REFERENCES GENRE(genre_id))
/*C18*/SET SCHEMA PUBLIC
CREATE TABLE IF NOT EXISTS AUTHOR( author_id NUMERIC IDENTITY PRIMARY KEY, name VARCHAR(255), middlename VARCHAR(255), surname VARCHAR(255))
/*C19*/SET SCHEMA PUBLIC
CREATE TABLE IF NOT EXISTS GENRE( genre_id NUMERIC IDENTITY PRIMARY KEY, title VARCHAR(255))
/*C21*/SET SCHEMA PUBLIC
CREATE TABLE IF NOT EXISTS AUTHOR( author_id NUMERIC IDENTITY PRIMARY KEY, name VARCHAR(255), middlename VARCHAR(255), surname VARCHAR(255))
/*C22*/SET SCHEMA PUBLIC
CREATE TABLE IF NOT EXISTS GENRE( genre_id NUMERIC IDENTITY PRIMARY KEY, title VARCHAR(255))
/*C20*/SET SCHEMA PUBLIC
CREATE TABLE IF NOT EXISTS BOOK( book_id NUMERIC IDENTITY PRIMARY KEY, title VARCHAR(255), author_id NUMERIC , genre_id NUMERIC, publisher VARCHAR(255), year VARCHAR(255), city VARCHAR(255), FOREIGN KEY (author_id) REFERENCES AUTHOR(author_id), FOREIGN KEY (genre_id) REFERENCES GENRE(genre_id))
/*C23*/SET SCHEMA PUBLIC
CREATE TABLE IF NOT EXISTS AUTHOR( author_id NUMERIC IDENTITY PRIMARY KEY, name VARCHAR(255), middlename VARCHAR(255), surname VARCHAR(255))
/*C24*/SET SCHEMA PUBLIC
CREATE TABLE IF NOT EXISTS GENRE( genre_id NUMERIC IDENTITY PRIMARY KEY, title VARCHAR(255))
/*C26*/SET SCHEMA PUBLIC
CREATE TABLE IF NOT EXISTS AUTHOR( author_id NUMERIC IDENTITY PRIMARY KEY, name VARCHAR(255), middlename VARCHAR(255), surname VARCHAR(255))
/*C27*/SET SCHEMA PUBLIC
CREATE TABLE IF NOT EXISTS GENRE( genre_id NUMERIC IDENTITY PRIMARY KEY, title VARCHAR(255))
/*C25*/SET SCHEMA PUBLIC
CREATE TABLE IF NOT EXISTS BOOK( book_id NUMERIC IDENTITY PRIMARY KEY, title VARCHAR(255), author_id NUMERIC , genre_id NUMERIC, publisher VARCHAR(255), year VARCHAR(255), city VARCHAR(255), FOREIGN KEY (author_id) REFERENCES AUTHOR(author_id), FOREIGN KEY (genre_id) REFERENCES GENRE(genre_id))
/*C28*/SET SCHEMA PUBLIC
CREATE TABLE IF NOT EXISTS AUTHOR( author_id NUMERIC IDENTITY PRIMARY KEY, name VARCHAR(255), middlename VARCHAR(255), surname VARCHAR(255))
/*C29*/SET SCHEMA PUBLIC
CREATE TABLE IF NOT EXISTS GENRE( genre_id NUMERIC IDENTITY PRIMARY KEY, title VARCHAR(255))
/*C31*/SET SCHEMA PUBLIC
CREATE TABLE IF NOT EXISTS AUTHOR( author_id NUMERIC IDENTITY PRIMARY KEY, name VARCHAR(255), middlename VARCHAR(255), surname VARCHAR(255))
/*C32*/SET SCHEMA PUBLIC
CREATE TABLE IF NOT EXISTS GENRE( genre_id NUMERIC IDENTITY PRIMARY KEY, title VARCHAR(255))
/*C30*/SET SCHEMA PUBLIC
CREATE TABLE IF NOT EXISTS BOOK( book_id NUMERIC IDENTITY PRIMARY KEY, title VARCHAR(255), author_id NUMERIC , genre_id NUMERIC, publisher VARCHAR(255), year VARCHAR(255), city VARCHAR(255), FOREIGN KEY (author_id) REFERENCES AUTHOR(author_id), FOREIGN KEY (genre_id) REFERENCES GENRE(genre_id))
/*C33*/SET SCHEMA PUBLIC
CREATE TABLE IF NOT EXISTS AUTHOR( author_id NUMERIC IDENTITY PRIMARY KEY, name VARCHAR(255), middlename VARCHAR(255), surname VARCHAR(255))
/*C34*/SET SCHEMA PUBLIC
CREATE TABLE IF NOT EXISTS GENRE( genre_id NUMERIC IDENTITY PRIMARY KEY, title VARCHAR(255))
/*C36*/SET SCHEMA PUBLIC
CREATE TABLE IF NOT EXISTS AUTHOR( author_id NUMERIC IDENTITY PRIMARY KEY, name VARCHAR(255), middlename VARCHAR(255), surname VARCHAR(255))
/*C37*/SET SCHEMA PUBLIC
CREATE TABLE IF NOT EXISTS GENRE( genre_id NUMERIC IDENTITY PRIMARY KEY, title VARCHAR(255))
/*C35*/SET SCHEMA PUBLIC
CREATE TABLE IF NOT EXISTS BOOK( book_id NUMERIC IDENTITY PRIMARY KEY, title VARCHAR(255), author_id NUMERIC , genre_id NUMERIC, publisher VARCHAR(255), year VARCHAR(255), city VARCHAR(255), FOREIGN KEY (author_id) REFERENCES AUTHOR(author_id), FOREIGN KEY (genre_id) REFERENCES GENRE(genre_id))
/*C38*/SET SCHEMA PUBLIC
CREATE TABLE IF NOT EXISTS AUTHOR( author_id NUMERIC IDENTITY PRIMARY KEY, name VARCHAR(255), middlename VARCHAR(255), surname VARCHAR(255))
/*C39*/SET SCHEMA PUBLIC
CREATE TABLE IF NOT EXISTS GENRE( genre_id NUMERIC IDENTITY PRIMARY KEY, title VARCHAR(255))
/*C41*/SET SCHEMA PUBLIC
CREATE TABLE IF NOT EXISTS AUTHOR( author_id NUMERIC IDENTITY PRIMARY KEY, name VARCHAR(255), middlename VARCHAR(255), surname VARCHAR(255))
/*C42*/SET SCHEMA PUBLIC
CREATE TABLE IF NOT EXISTS GENRE( genre_id NUMERIC IDENTITY PRIMARY KEY, title VARCHAR(255))
/*C40*/SET SCHEMA PUBLIC
CREATE TABLE IF NOT EXISTS BOOK( book_id NUMERIC IDENTITY PRIMARY KEY, title VARCHAR(255), author_id NUMERIC , genre_id NUMERIC, publisher VARCHAR(255), year VARCHAR(255), city VARCHAR(255), FOREIGN KEY (author_id) REFERENCES AUTHOR(author_id), FOREIGN KEY (genre_id) REFERENCES GENRE(genre_id))
/*C43*/SET SCHEMA PUBLIC
CREATE TABLE IF NOT EXISTS AUTHOR( author_id NUMERIC IDENTITY PRIMARY KEY, name VARCHAR(255), middlename VARCHAR(255), surname VARCHAR(255))
/*C44*/SET SCHEMA PUBLIC
CREATE TABLE IF NOT EXISTS GENRE( genre_id NUMERIC IDENTITY PRIMARY KEY, title VARCHAR(255))
/*C45*/SET SCHEMA PUBLIC
CREATE TABLE IF NOT EXISTS AUTHOR( author_id NUMERIC IDENTITY PRIMARY KEY, name VARCHAR(255), middlename VARCHAR(255), surname VARCHAR(255))
/*C46*/SET SCHEMA PUBLIC
CREATE TABLE IF NOT EXISTS GENRE( genre_id NUMERIC IDENTITY PRIMARY KEY, title VARCHAR(255))
/*C48*/SET SCHEMA PUBLIC
CREATE TABLE IF NOT EXISTS AUTHOR( author_id NUMERIC IDENTITY PRIMARY KEY, name VARCHAR(255), middlename VARCHAR(255), surname VARCHAR(255))
/*C49*/SET SCHEMA PUBLIC
CREATE TABLE IF NOT EXISTS GENRE( genre_id NUMERIC IDENTITY PRIMARY KEY, title VARCHAR(255))
/*C47*/SET SCHEMA PUBLIC
CREATE TABLE IF NOT EXISTS BOOK( book_id NUMERIC IDENTITY PRIMARY KEY, title VARCHAR(255), author_id NUMERIC , genre_id NUMERIC, publisher VARCHAR(255), year VARCHAR(255), city VARCHAR(255), FOREIGN KEY (author_id) REFERENCES AUTHOR(author_id), FOREIGN KEY (genre_id) REFERENCES GENRE(genre_id))
DELETE FROM BOOK WHERE BOOK_ID=2
INSERT INTO BOOK VALUES(2,'\u0412\u043e\u0439\u043d\u0430 \u0438 \u043c\u0438\u0440',2,2,'\u041c\u043e\u0441\u043a\u0432\u0430','1918','\u041f\u0438\u0442\u0435\u0440')
COMMIT
/*C50*/SET SCHEMA PUBLIC
CREATE TABLE IF NOT EXISTS GENRE( genre_id NUMERIC IDENTITY PRIMARY KEY, title VARCHAR(255))
/*C52*/SET SCHEMA PUBLIC
CREATE TABLE IF NOT EXISTS AUTHOR( author_id NUMERIC IDENTITY PRIMARY KEY, name VARCHAR(255), middlename VARCHAR(255), surname VARCHAR(255))
/*C53*/SET SCHEMA PUBLIC
CREATE TABLE IF NOT EXISTS GENRE( genre_id NUMERIC IDENTITY PRIMARY KEY, title VARCHAR(255))
/*C51*/SET SCHEMA PUBLIC
CREATE TABLE IF NOT EXISTS BOOK( book_id NUMERIC IDENTITY PRIMARY KEY, title VARCHAR(255), author_id NUMERIC , genre_id NUMERIC, publisher VARCHAR(255), year VARCHAR(255), city VARCHAR(255), FOREIGN KEY (author_id) REFERENCES AUTHOR(author_id), FOREIGN KEY (genre_id) REFERENCES GENRE(genre_id))
/*C55*/SET SCHEMA PUBLIC
CREATE TABLE IF NOT EXISTS AUTHOR( author_id NUMERIC IDENTITY PRIMARY KEY, name VARCHAR(255), middlename VARCHAR(255), surname VARCHAR(255))
/*C56*/SET SCHEMA PUBLIC
CREATE TABLE IF NOT EXISTS GENRE( genre_id NUMERIC IDENTITY PRIMARY KEY, title VARCHAR(255))
/*C54*/SET SCHEMA PUBLIC
CREATE TABLE IF NOT EXISTS BOOK( book_id NUMERIC IDENTITY PRIMARY KEY, title VARCHAR(255), author_id NUMERIC , genre_id NUMERIC, publisher VARCHAR(255), year VARCHAR(255), city VARCHAR(255), FOREIGN KEY (author_id) REFERENCES AUTHOR(author_id), FOREIGN KEY (genre_id) REFERENCES GENRE(genre_id))
/*C57*/SET SCHEMA PUBLIC
CREATE TABLE IF NOT EXISTS AUTHOR( author_id NUMERIC IDENTITY PRIMARY KEY, name VARCHAR(255), middlename VARCHAR(255), surname VARCHAR(255))
/*C58*/SET SCHEMA PUBLIC
CREATE TABLE IF NOT EXISTS GENRE( genre_id NUMERIC IDENTITY PRIMARY KEY, title VARCHAR(255))
/*C60*/SET SCHEMA PUBLIC
CREATE TABLE IF NOT EXISTS AUTHOR( author_id NUMERIC IDENTITY PRIMARY KEY, name VARCHAR(255), middlename VARCHAR(255), surname VARCHAR(255))
/*C61*/SET SCHEMA PUBLIC
CREATE TABLE IF NOT EXISTS GENRE( genre_id NUMERIC IDENTITY PRIMARY KEY, title VARCHAR(255))
/*C59*/SET SCHEMA PUBLIC
CREATE TABLE IF NOT EXISTS BOOK( book_id NUMERIC IDENTITY PRIMARY KEY, title VARCHAR(255), author_id NUMERIC , genre_id NUMERIC, publisher VARCHAR(255), year VARCHAR(255), city VARCHAR(255), FOREIGN KEY (author_id) REFERENCES AUTHOR(author_id), FOREIGN KEY (genre_id) REFERENCES GENRE(genre_id))
/*C62*/SET SCHEMA PUBLIC
CREATE TABLE IF NOT EXISTS AUTHOR( author_id NUMERIC IDENTITY PRIMARY KEY, name VARCHAR(255), middlename VARCHAR(255), surname VARCHAR(255))
/*C63*/SET SCHEMA PUBLIC
CREATE TABLE IF NOT EXISTS GENRE( genre_id NUMERIC IDENTITY PRIMARY KEY, title VARCHAR(255))
/*C65*/SET SCHEMA PUBLIC
CREATE TABLE IF NOT EXISTS AUTHOR( author_id NUMERIC IDENTITY PRIMARY KEY, name VARCHAR(255), middlename VARCHAR(255), surname VARCHAR(255))
/*C66*/SET SCHEMA PUBLIC
CREATE TABLE IF NOT EXISTS GENRE( genre_id NUMERIC IDENTITY PRIMARY KEY, title VARCHAR(255))
/*C64*/SET SCHEMA PUBLIC
CREATE TABLE IF NOT EXISTS BOOK( book_id NUMERIC IDENTITY PRIMARY KEY, title VARCHAR(255), author_id NUMERIC , genre_id NUMERIC, publisher VARCHAR(255), year VARCHAR(255), city VARCHAR(255), FOREIGN KEY (author_id) REFERENCES AUTHOR(author_id), FOREIGN KEY (genre_id) REFERENCES GENRE(genre_id))
/*C67*/SET SCHEMA PUBLIC
CREATE TABLE IF NOT EXISTS AUTHOR( author_id NUMERIC IDENTITY PRIMARY KEY, name VARCHAR(255), middlename VARCHAR(255), surname VARCHAR(255))
/*C68*/SET SCHEMA PUBLIC
CREATE TABLE IF NOT EXISTS GENRE( genre_id NUMERIC IDENTITY PRIMARY KEY, title VARCHAR(255))
/*C70*/SET SCHEMA PUBLIC
CREATE TABLE IF NOT EXISTS AUTHOR( author_id NUMERIC IDENTITY PRIMARY KEY, name VARCHAR(255), middlename VARCHAR(255), surname VARCHAR(255))
/*C71*/SET SCHEMA PUBLIC
CREATE TABLE IF NOT EXISTS GENRE( genre_id NUMERIC IDENTITY PRIMARY KEY, title VARCHAR(255))
/*C69*/SET SCHEMA PUBLIC
CREATE TABLE IF NOT EXISTS BOOK( book_id NUMERIC IDENTITY PRIMARY KEY, title VARCHAR(255), author_id NUMERIC , genre_id NUMERIC, publisher VARCHAR(255), year VARCHAR(255), city VARCHAR(255), FOREIGN KEY (author_id) REFERENCES AUTHOR(author_id), FOREIGN KEY (genre_id) REFERENCES GENRE(genre_id))
/*C72*/SET SCHEMA PUBLIC
CREATE TABLE IF NOT EXISTS AUTHOR( author_id NUMERIC IDENTITY PRIMARY KEY, name VARCHAR(255), middlename VARCHAR(255), surname VARCHAR(255))
/*C73*/SET SCHEMA PUBLIC
CREATE TABLE IF NOT EXISTS GENRE( genre_id NUMERIC IDENTITY PRIMARY KEY, title VARCHAR(255))
/*C75*/SET SCHEMA PUBLIC
CREATE TABLE IF NOT EXISTS AUTHOR( author_id NUMERIC IDENTITY PRIMARY KEY, name VARCHAR(255), middlename VARCHAR(255), surname VARCHAR(255))
/*C76*/SET SCHEMA PUBLIC
CREATE TABLE IF NOT EXISTS GENRE( genre_id NUMERIC IDENTITY PRIMARY KEY, title VARCHAR(255))
/*C74*/SET SCHEMA PUBLIC
CREATE TABLE IF NOT EXISTS BOOK( book_id NUMERIC IDENTITY PRIMARY KEY, title VARCHAR(255), author_id NUMERIC , genre_id NUMERIC, publisher VARCHAR(255), year VARCHAR(255), city VARCHAR(255), FOREIGN KEY (author_id) REFERENCES AUTHOR(author_id), FOREIGN KEY (genre_id) REFERENCES GENRE(genre_id))
/*C77*/SET SCHEMA PUBLIC
CREATE TABLE IF NOT EXISTS AUTHOR( author_id NUMERIC IDENTITY PRIMARY KEY, name VARCHAR(255), middlename VARCHAR(255), surname VARCHAR(255))
/*C78*/SET SCHEMA PUBLIC
CREATE TABLE IF NOT EXISTS GENRE( genre_id NUMERIC IDENTITY PRIMARY KEY, title VARCHAR(255))
/*C80*/SET SCHEMA PUBLIC
CREATE TABLE IF NOT EXISTS AUTHOR( author_id NUMERIC IDENTITY PRIMARY KEY, name VARCHAR(255), middlename VARCHAR(255), surname VARCHAR(255))
/*C81*/SET SCHEMA PUBLIC
CREATE TABLE IF NOT EXISTS GENRE( genre_id NUMERIC IDENTITY PRIMARY KEY, title VARCHAR(255))
/*C79*/SET SCHEMA PUBLIC
CREATE TABLE IF NOT EXISTS BOOK( book_id NUMERIC IDENTITY PRIMARY KEY, title VARCHAR(255), author_id NUMERIC , genre_id NUMERIC, publisher VARCHAR(255), year VARCHAR(255), city VARCHAR(255), FOREIGN KEY (author_id) REFERENCES AUTHOR(author_id), FOREIGN KEY (genre_id) REFERENCES GENRE(genre_id))
/*C82*/SET SCHEMA PUBLIC
CREATE TABLE IF NOT EXISTS AUTHOR( author_id NUMERIC IDENTITY PRIMARY KEY, name VARCHAR(255), middlename VARCHAR(255), surname VARCHAR(255))
/*C83*/SET SCHEMA PUBLIC
CREATE TABLE IF NOT EXISTS GENRE( genre_id NUMERIC IDENTITY PRIMARY KEY, title VARCHAR(255))
/*C85*/SET SCHEMA PUBLIC
CREATE TABLE IF NOT EXISTS AUTHOR( author_id NUMERIC IDENTITY PRIMARY KEY, name VARCHAR(255), middlename VARCHAR(255), surname VARCHAR(255))
/*C86*/SET SCHEMA PUBLIC
CREATE TABLE IF NOT EXISTS GENRE( genre_id NUMERIC IDENTITY PRIMARY KEY, title VARCHAR(255))
/*C84*/SET SCHEMA PUBLIC
CREATE TABLE IF NOT EXISTS BOOK( book_id NUMERIC IDENTITY PRIMARY KEY, title VARCHAR(255), author_id NUMERIC , genre_id NUMERIC, publisher VARCHAR(255), year VARCHAR(255), city VARCHAR(255), FOREIGN KEY (author_id) REFERENCES AUTHOR(author_id), FOREIGN KEY (genre_id) REFERENCES GENRE(genre_id))
/*C87*/SET SCHEMA PUBLIC
CREATE TABLE IF NOT EXISTS AUTHOR( author_id NUMERIC IDENTITY PRIMARY KEY, name VARCHAR(255), middlename VARCHAR(255), surname VARCHAR(255))
/*C88*/SET SCHEMA PUBLIC
CREATE TABLE IF NOT EXISTS GENRE( genre_id NUMERIC IDENTITY PRIMARY KEY, title VARCHAR(255))
/*C89*/SET SCHEMA PUBLIC
CREATE TABLE IF NOT EXISTS GENRE( genre_id NUMERIC IDENTITY PRIMARY KEY, title VARCHAR(255))
/*C91*/SET SCHEMA PUBLIC
CREATE TABLE IF NOT EXISTS AUTHOR( author_id NUMERIC IDENTITY PRIMARY KEY, name VARCHAR(255), middlename VARCHAR(255), surname VARCHAR(255))
/*C92*/SET SCHEMA PUBLIC
CREATE TABLE IF NOT EXISTS GENRE( genre_id NUMERIC IDENTITY PRIMARY KEY, title VARCHAR(255))
/*C90*/SET SCHEMA PUBLIC
CREATE TABLE IF NOT EXISTS BOOK( book_id NUMERIC IDENTITY PRIMARY KEY, title VARCHAR(255), author_id NUMERIC , genre_id NUMERIC, publisher VARCHAR(255), year VARCHAR(255), city VARCHAR(255), FOREIGN KEY (author_id) REFERENCES AUTHOR(author_id), FOREIGN KEY (genre_id) REFERENCES GENRE(genre_id))
/*C94*/SET SCHEMA PUBLIC
CREATE TABLE IF NOT EXISTS AUTHOR( author_id NUMERIC IDENTITY PRIMARY KEY, name VARCHAR(255), middlename VARCHAR(255), surname VARCHAR(255))
/*C95*/SET SCHEMA PUBLIC
CREATE TABLE IF NOT EXISTS GENRE( genre_id NUMERIC IDENTITY PRIMARY KEY, title VARCHAR(255))
/*C93*/SET SCHEMA PUBLIC
CREATE TABLE IF NOT EXISTS BOOK( book_id NUMERIC IDENTITY PRIMARY KEY, title VARCHAR(255), author_id NUMERIC , genre_id NUMERIC, publisher VARCHAR(255), year VARCHAR(255), city VARCHAR(255), FOREIGN KEY (author_id) REFERENCES AUTHOR(author_id), FOREIGN KEY (genre_id) REFERENCES GENRE(genre_id))
/*C96*/SET SCHEMA PUBLIC
CREATE TABLE IF NOT EXISTS AUTHOR( author_id NUMERIC IDENTITY PRIMARY KEY, name VARCHAR(255), middlename VARCHAR(255), surname VARCHAR(255))
/*C97*/SET SCHEMA PUBLIC
CREATE TABLE IF NOT EXISTS GENRE( genre_id NUMERIC IDENTITY PRIMARY KEY, title VARCHAR(255))
/*C99*/SET SCHEMA PUBLIC
CREATE TABLE IF NOT EXISTS AUTHOR( author_id NUMERIC IDENTITY PRIMARY KEY, name VARCHAR(255), middlename VARCHAR(255), surname VARCHAR(255))
/*C100*/SET SCHEMA PUBLIC
CREATE TABLE IF NOT EXISTS GENRE( genre_id NUMERIC IDENTITY PRIMARY KEY, title VARCHAR(255))
/*C98*/SET SCHEMA PUBLIC
CREATE TABLE IF NOT EXISTS BOOK( book_id NUMERIC IDENTITY PRIMARY KEY, title VARCHAR(255), author_id NUMERIC , genre_id NUMERIC, publisher VARCHAR(255), year VARCHAR(255), city VARCHAR(255), FOREIGN KEY (author_id) REFERENCES AUTHOR(author_id), FOREIGN KEY (genre_id) REFERENCES GENRE(genre_id))
/*C101*/SET SCHEMA PUBLIC
CREATE TABLE IF NOT EXISTS AUTHOR( author_id NUMERIC IDENTITY PRIMARY KEY, name VARCHAR(255), middlename VARCHAR(255), surname VARCHAR(255))
/*C102*/SET SCHEMA PUBLIC
CREATE TABLE IF NOT EXISTS GENRE( genre_id NUMERIC IDENTITY PRIMARY KEY, title VARCHAR(255))
/*C104*/SET SCHEMA PUBLIC
CREATE TABLE IF NOT EXISTS AUTHOR( author_id NUMERIC IDENTITY PRIMARY KEY, name VARCHAR(255), middlename VARCHAR(255), surname VARCHAR(255))
/*C105*/SET SCHEMA PUBLIC
CREATE TABLE IF NOT EXISTS GENRE( genre_id NUMERIC IDENTITY PRIMARY KEY, title VARCHAR(255))
/*C103*/SET SCHEMA PUBLIC
CREATE TABLE IF NOT EXISTS BOOK( book_id NUMERIC IDENTITY PRIMARY KEY, title VARCHAR(255), author_id NUMERIC , genre_id NUMERIC, publisher VARCHAR(255), year VARCHAR(255), city VARCHAR(255), FOREIGN KEY (author_id) REFERENCES AUTHOR(author_id), FOREIGN KEY (genre_id) REFERENCES GENRE(genre_id))
/*C106*/SET SCHEMA PUBLIC
CREATE TABLE IF NOT EXISTS AUTHOR( author_id NUMERIC IDENTITY PRIMARY KEY, name VARCHAR(255), middlename VARCHAR(255), surname VARCHAR(255))
/*C107*/SET SCHEMA PUBLIC
CREATE TABLE IF NOT EXISTS GENRE( genre_id NUMERIC IDENTITY PRIMARY KEY, title VARCHAR(255))
/*C109*/SET SCHEMA PUBLIC
CREATE TABLE IF NOT EXISTS AUTHOR( author_id NUMERIC IDENTITY PRIMARY KEY, name VARCHAR(255), middlename VARCHAR(255), surname VARCHAR(255))
/*C110*/SET SCHEMA PUBLIC
CREATE TABLE IF NOT EXISTS GENRE( genre_id NUMERIC IDENTITY PRIMARY KEY, title VARCHAR(255))
/*C108*/SET SCHEMA PUBLIC
CREATE TABLE IF NOT EXISTS BOOK( book_id NUMERIC IDENTITY PRIMARY KEY, title VARCHAR(255), author_id NUMERIC , genre_id NUMERIC, publisher VARCHAR(255), year VARCHAR(255), city VARCHAR(255), FOREIGN KEY (author_id) REFERENCES AUTHOR(author_id), FOREIGN KEY (genre_id) REFERENCES GENRE(genre_id))
/*C111*/SET SCHEMA PUBLIC
CREATE TABLE IF NOT EXISTS AUTHOR( author_id NUMERIC IDENTITY PRIMARY KEY, name VARCHAR(255), middlename VARCHAR(255), surname VARCHAR(255))
/*C112*/SET SCHEMA PUBLIC
CREATE TABLE IF NOT EXISTS GENRE( genre_id NUMERIC IDENTITY PRIMARY KEY, title VARCHAR(255))
/*C114*/SET SCHEMA PUBLIC
CREATE TABLE IF NOT EXISTS AUTHOR( author_id NUMERIC IDENTITY PRIMARY KEY, name VARCHAR(255), middlename VARCHAR(255), surname VARCHAR(255))
/*C115*/SET SCHEMA PUBLIC
CREATE TABLE IF NOT EXISTS GENRE( genre_id NUMERIC IDENTITY PRIMARY KEY, title VARCHAR(255))
/*C113*/SET SCHEMA PUBLIC
CREATE TABLE IF NOT EXISTS BOOK( book_id NUMERIC IDENTITY PRIMARY KEY, title VARCHAR(255), author_id NUMERIC , genre_id NUMERIC, publisher VARCHAR(255), year VARCHAR(255), city VARCHAR(255), FOREIGN KEY (author_id) REFERENCES AUTHOR(author_id), FOREIGN KEY (genre_id) REFERENCES GENRE(genre_id))
/*C116*/SET SCHEMA PUBLIC
CREATE TABLE IF NOT EXISTS AUTHOR( author_id NUMERIC IDENTITY PRIMARY KEY, name VARCHAR(255), middlename VARCHAR(255), surname VARCHAR(255))
/*C117*/SET SCHEMA PUBLIC
CREATE TABLE IF NOT EXISTS GENRE( genre_id NUMERIC IDENTITY PRIMARY KEY, title VARCHAR(255))
/*C118*/SET SCHEMA PUBLIC
CREATE TABLE IF NOT EXISTS GENRE( genre_id NUMERIC IDENTITY PRIMARY KEY, title VARCHAR(255))
DELETE FROM GENRE WHERE GENRE_ID=3
COMMIT
/*C119*/SET SCHEMA PUBLIC
CREATE TABLE IF NOT EXISTS GENRE( genre_id NUMERIC IDENTITY PRIMARY KEY, title VARCHAR(255))
/*C120*/SET SCHEMA PUBLIC
CREATE TABLE IF NOT EXISTS GENRE( genre_id NUMERIC IDENTITY PRIMARY KEY, title VARCHAR(255))
/*C121*/SET SCHEMA PUBLIC
CREATE TABLE IF NOT EXISTS GENRE( genre_id NUMERIC IDENTITY PRIMARY KEY, title VARCHAR(255))
/*C123*/SET SCHEMA PUBLIC
CREATE TABLE IF NOT EXISTS AUTHOR( author_id NUMERIC IDENTITY PRIMARY KEY, name VARCHAR(255), middlename VARCHAR(255), surname VARCHAR(255))
/*C124*/SET SCHEMA PUBLIC
CREATE TABLE IF NOT EXISTS GENRE( genre_id NUMERIC IDENTITY PRIMARY KEY, title VARCHAR(255))
/*C122*/SET SCHEMA PUBLIC
CREATE TABLE IF NOT EXISTS BOOK( book_id NUMERIC IDENTITY PRIMARY KEY, title VARCHAR(255), author_id NUMERIC , genre_id NUMERIC, publisher VARCHAR(255), year VARCHAR(255), city VARCHAR(255), FOREIGN KEY (author_id) REFERENCES AUTHOR(author_id), FOREIGN KEY (genre_id) REFERENCES GENRE(genre_id))
/*C125*/SET SCHEMA PUBLIC
CREATE TABLE IF NOT EXISTS AUTHOR( author_id NUMERIC IDENTITY PRIMARY KEY, name VARCHAR(255), middlename VARCHAR(255), surname VARCHAR(255))
/*C126*/SET SCHEMA PUBLIC
CREATE TABLE IF NOT EXISTS GENRE( genre_id NUMERIC IDENTITY PRIMARY KEY, title VARCHAR(255))
/*C128*/SET SCHEMA PUBLIC
CREATE TABLE IF NOT EXISTS AUTHOR( author_id NUMERIC IDENTITY PRIMARY KEY, name VARCHAR(255), middlename VARCHAR(255), surname VARCHAR(255))
/*C129*/SET SCHEMA PUBLIC
CREATE TABLE IF NOT EXISTS GENRE( genre_id NUMERIC IDENTITY PRIMARY KEY, title VARCHAR(255))
/*C127*/SET SCHEMA PUBLIC
CREATE TABLE IF NOT EXISTS BOOK( book_id NUMERIC IDENTITY PRIMARY KEY, title VARCHAR(255), author_id NUMERIC , genre_id NUMERIC, publisher VARCHAR(255), year VARCHAR(255), city VARCHAR(255), FOREIGN KEY (author_id) REFERENCES AUTHOR(author_id), FOREIGN KEY (genre_id) REFERENCES GENRE(genre_id))
DELETE FROM BOOK WHERE BOOK_ID=5
COMMIT
/*C130*/SET SCHEMA PUBLIC
CREATE TABLE IF NOT EXISTS GENRE( genre_id NUMERIC IDENTITY PRIMARY KEY, title VARCHAR(255))
/*C132*/SET SCHEMA PUBLIC
CREATE TABLE IF NOT EXISTS AUTHOR( author_id NUMERIC IDENTITY PRIMARY KEY, name VARCHAR(255), middlename VARCHAR(255), surname VARCHAR(255))
/*C133*/SET SCHEMA PUBLIC
CREATE TABLE IF NOT EXISTS GENRE( genre_id NUMERIC IDENTITY PRIMARY KEY, title VARCHAR(255))
/*C131*/SET SCHEMA PUBLIC
CREATE TABLE IF NOT EXISTS BOOK( book_id NUMERIC IDENTITY PRIMARY KEY, title VARCHAR(255), author_id NUMERIC , genre_id NUMERIC, publisher VARCHAR(255), year VARCHAR(255), city VARCHAR(255), FOREIGN KEY (author_id) REFERENCES AUTHOR(author_id), FOREIGN KEY (genre_id) REFERENCES GENRE(genre_id))
/*C135*/SET SCHEMA PUBLIC
CREATE TABLE IF NOT EXISTS AUTHOR( author_id NUMERIC IDENTITY PRIMARY KEY, name VARCHAR(255), middlename VARCHAR(255), surname VARCHAR(255))
/*C136*/SET SCHEMA PUBLIC
CREATE TABLE IF NOT EXISTS GENRE( genre_id NUMERIC IDENTITY PRIMARY KEY, title VARCHAR(255))
/*C134*/SET SCHEMA PUBLIC
CREATE TABLE IF NOT EXISTS BOOK( book_id NUMERIC IDENTITY PRIMARY KEY, title VARCHAR(255), author_id NUMERIC , genre_id NUMERIC, publisher VARCHAR(255), year VARCHAR(255), city VARCHAR(255), FOREIGN KEY (author_id) REFERENCES AUTHOR(author_id), FOREIGN KEY (genre_id) REFERENCES GENRE(genre_id))
/*C137*/SET SCHEMA PUBLIC
CREATE TABLE IF NOT EXISTS AUTHOR( author_id NUMERIC IDENTITY PRIMARY KEY, name VARCHAR(255), middlename VARCHAR(255), surname VARCHAR(255))
/*C138*/SET SCHEMA PUBLIC
CREATE TABLE IF NOT EXISTS GENRE( genre_id NUMERIC IDENTITY PRIMARY KEY, title VARCHAR(255))
/*C140*/SET SCHEMA PUBLIC
CREATE TABLE IF NOT EXISTS AUTHOR( author_id NUMERIC IDENTITY PRIMARY KEY, name VARCHAR(255), middlename VARCHAR(255), surname VARCHAR(255))
/*C141*/SET SCHEMA PUBLIC
CREATE TABLE IF NOT EXISTS GENRE( genre_id NUMERIC IDENTITY PRIMARY KEY, title VARCHAR(255))
/*C139*/SET SCHEMA PUBLIC
CREATE TABLE IF NOT EXISTS BOOK( book_id NUMERIC IDENTITY PRIMARY KEY, title VARCHAR(255), author_id NUMERIC , genre_id NUMERIC, publisher VARCHAR(255), year VARCHAR(255), city VARCHAR(255), FOREIGN KEY (author_id) REFERENCES AUTHOR(author_id), FOREIGN KEY (genre_id) REFERENCES GENRE(genre_id))
/*C142*/SET SCHEMA PUBLIC
CREATE TABLE IF NOT EXISTS AUTHOR( author_id NUMERIC IDENTITY PRIMARY KEY, name VARCHAR(255), middlename VARCHAR(255), surname VARCHAR(255))
/*C143*/SET SCHEMA PUBLIC
CREATE TABLE IF NOT EXISTS GENRE( genre_id NUMERIC IDENTITY PRIMARY KEY, title VARCHAR(255))
/*C145*/SET SCHEMA PUBLIC
CREATE TABLE IF NOT EXISTS AUTHOR( author_id NUMERIC IDENTITY PRIMARY KEY, name VARCHAR(255), middlename VARCHAR(255), surname VARCHAR(255))
/*C146*/SET SCHEMA PUBLIC
CREATE TABLE IF NOT EXISTS GENRE( genre_id NUMERIC IDENTITY PRIMARY KEY, title VARCHAR(255))
/*C144*/SET SCHEMA PUBLIC
CREATE TABLE IF NOT EXISTS BOOK( book_id NUMERIC IDENTITY PRIMARY KEY, title VARCHAR(255), author_id NUMERIC , genre_id NUMERIC, publisher VARCHAR(255), year VARCHAR(255), city VARCHAR(255), FOREIGN KEY (author_id) REFERENCES AUTHOR(author_id), FOREIGN KEY (genre_id) REFERENCES GENRE(genre_id))
/*C147*/SET SCHEMA PUBLIC
CREATE TABLE IF NOT EXISTS AUTHOR( author_id NUMERIC IDENTITY PRIMARY KEY, name VARCHAR(255), middlename VARCHAR(255), surname VARCHAR(255))
/*C148*/SET SCHEMA PUBLIC
CREATE TABLE IF NOT EXISTS GENRE( genre_id NUMERIC IDENTITY PRIMARY KEY, title VARCHAR(255))
/*C150*/SET SCHEMA PUBLIC
CREATE TABLE IF NOT EXISTS AUTHOR( author_id NUMERIC IDENTITY PRIMARY KEY, name VARCHAR(255), middlename VARCHAR(255), surname VARCHAR(255))
/*C151*/SET SCHEMA PUBLIC
CREATE TABLE IF NOT EXISTS GENRE( genre_id NUMERIC IDENTITY PRIMARY KEY, title VARCHAR(255))
/*C149*/SET SCHEMA PUBLIC
CREATE TABLE IF NOT EXISTS BOOK( book_id NUMERIC IDENTITY PRIMARY KEY, title VARCHAR(255), author_id NUMERIC , genre_id NUMERIC, publisher VARCHAR(255), year VARCHAR(255), city VARCHAR(255), FOREIGN KEY (author_id) REFERENCES AUTHOR(author_id), FOREIGN KEY (genre_id) REFERENCES GENRE(genre_id))
/*C152*/SET SCHEMA PUBLIC
CREATE TABLE IF NOT EXISTS AUTHOR( author_id NUMERIC IDENTITY PRIMARY KEY, name VARCHAR(255), middlename VARCHAR(255), surname VARCHAR(255))
/*C153*/SET SCHEMA PUBLIC
CREATE TABLE IF NOT EXISTS GENRE( genre_id NUMERIC IDENTITY PRIMARY KEY, title VARCHAR(255))
/*C154*/SET SCHEMA PUBLIC
CREATE TABLE IF NOT EXISTS GENRE( genre_id NUMERIC IDENTITY PRIMARY KEY, title VARCHAR(255))
DELETE FROM GENRE WHERE GENRE_ID=4
COMMIT
/*C155*/SET SCHEMA PUBLIC
CREATE TABLE IF NOT EXISTS GENRE( genre_id NUMERIC IDENTITY PRIMARY KEY, title VARCHAR(255))
/*C157*/SET SCHEMA PUBLIC
CREATE TABLE IF NOT EXISTS AUTHOR( author_id NUMERIC IDENTITY PRIMARY KEY, name VARCHAR(255), middlename VARCHAR(255), surname VARCHAR(255))
/*C158*/SET SCHEMA PUBLIC
CREATE TABLE IF NOT EXISTS GENRE( genre_id NUMERIC IDENTITY PRIMARY KEY, title VARCHAR(255))
/*C156*/SET SCHEMA PUBLIC
CREATE TABLE IF NOT EXISTS BOOK( book_id NUMERIC IDENTITY PRIMARY KEY, title VARCHAR(255), author_id NUMERIC , genre_id NUMERIC, publisher VARCHAR(255), year VARCHAR(255), city VARCHAR(255), FOREIGN KEY (author_id) REFERENCES AUTHOR(author_id), FOREIGN KEY (genre_id) REFERENCES GENRE(genre_id))
/*C160*/SET SCHEMA PUBLIC
CREATE TABLE IF NOT EXISTS AUTHOR( author_id NUMERIC IDENTITY PRIMARY KEY, name VARCHAR(255), middlename VARCHAR(255), surname VARCHAR(255))
/*C161*/SET SCHEMA PUBLIC
CREATE TABLE IF NOT EXISTS GENRE( genre_id NUMERIC IDENTITY PRIMARY KEY, title VARCHAR(255))
/*C159*/SET SCHEMA PUBLIC
CREATE TABLE IF NOT EXISTS BOOK( book_id NUMERIC IDENTITY PRIMARY KEY, title VARCHAR(255), author_id NUMERIC , genre_id NUMERIC, publisher VARCHAR(255), year VARCHAR(255), city VARCHAR(255), FOREIGN KEY (author_id) REFERENCES AUTHOR(author_id), FOREIGN KEY (genre_id) REFERENCES GENRE(genre_id))
/*C162*/SET SCHEMA PUBLIC
CREATE TABLE IF NOT EXISTS AUTHOR( author_id NUMERIC IDENTITY PRIMARY KEY, name VARCHAR(255), middlename VARCHAR(255), surname VARCHAR(255))
/*C163*/SET SCHEMA PUBLIC
CREATE TABLE IF NOT EXISTS GENRE( genre_id NUMERIC IDENTITY PRIMARY KEY, title VARCHAR(255))
/*C165*/SET SCHEMA PUBLIC
CREATE TABLE IF NOT EXISTS AUTHOR( author_id NUMERIC IDENTITY PRIMARY KEY, name VARCHAR(255), middlename VARCHAR(255), surname VARCHAR(255))
/*C166*/SET SCHEMA PUBLIC
CREATE TABLE IF NOT EXISTS GENRE( genre_id NUMERIC IDENTITY PRIMARY KEY, title VARCHAR(255))
/*C164*/SET SCHEMA PUBLIC
CREATE TABLE IF NOT EXISTS BOOK( book_id NUMERIC IDENTITY PRIMARY KEY, title VARCHAR(255), author_id NUMERIC , genre_id NUMERIC, publisher VARCHAR(255), year VARCHAR(255), city VARCHAR(255), FOREIGN KEY (author_id) REFERENCES AUTHOR(author_id), FOREIGN KEY (genre_id) REFERENCES GENRE(genre_id))
/*C167*/SET SCHEMA PUBLIC
CREATE TABLE IF NOT EXISTS AUTHOR( author_id NUMERIC IDENTITY PRIMARY KEY, name VARCHAR(255), middlename VARCHAR(255), surname VARCHAR(255))
/*C168*/SET SCHEMA PUBLIC
CREATE TABLE IF NOT EXISTS GENRE( genre_id NUMERIC IDENTITY PRIMARY KEY, title VARCHAR(255))
/*C170*/SET SCHEMA PUBLIC
CREATE TABLE IF NOT EXISTS AUTHOR( author_id NUMERIC IDENTITY PRIMARY KEY, name VARCHAR(255), middlename VARCHAR(255), surname VARCHAR(255))
/*C171*/SET SCHEMA PUBLIC
CREATE TABLE IF NOT EXISTS GENRE( genre_id NUMERIC IDENTITY PRIMARY KEY, title VARCHAR(255))
/*C169*/SET SCHEMA PUBLIC
CREATE TABLE IF NOT EXISTS BOOK( book_id NUMERIC IDENTITY PRIMARY KEY, title VARCHAR(255), author_id NUMERIC , genre_id NUMERIC, publisher VARCHAR(255), year VARCHAR(255), city VARCHAR(255), FOREIGN KEY (author_id) REFERENCES AUTHOR(author_id), FOREIGN KEY (genre_id) REFERENCES GENRE(genre_id))
/*C172*/SET SCHEMA PUBLIC
CREATE TABLE IF NOT EXISTS AUTHOR( author_id NUMERIC IDENTITY PRIMARY KEY, name VARCHAR(255), middlename VARCHAR(255), surname VARCHAR(255))
/*C173*/SET SCHEMA PUBLIC
CREATE TABLE IF NOT EXISTS GENRE( genre_id NUMERIC IDENTITY PRIMARY KEY, title VARCHAR(255))
